<?xml version="1.0" encoding="utf-8"?><testsuites name="pytest tests"><testsuite name="pytest" errors="0" failures="0" skipped="0" tests="16" time="3.768" timestamp="2026-08-29T04:17:45.302779+00:00" hostname="agent-env-a79efd10-9615-4780-bcbc-4447c2aa5280"><testcase classname="tests.test_iteration5.TestBookingProof" name="test_create_booking_pending" time="0.761" /><testcase classname="tests.test_iteration5.TestSettings" name="test_reset_contains_bank_fields" time="0.748" /><testcase classname="tests.test_iteration5.TestSettings" name="test_put_persists_bank_and_images" time="0.158" /><testcase classname="tests.test_iteration5.TestBookingProof" name="test_overlap_conflict" time="0.105" /><testcase classname="tests.test_iteration5.TestBookingProof" name="test_upload_proof_public" time="0.759" /><testcase classname="tests.test_iteration5.TestSettings" name="test_put_requires_auth" time="0.047" /><testcase classname="tests.test_iteration5.TestUpload" name="test_upload_and_serve" time="0.547" /><testcase classname="tests.test_iteration5.TestUpload" name="test_upload_requires_auth" time="0.118" /><testcase classname="tests.test_iteration5.TestUpload" name="test_missing_file_404" time="0.526" /><testcase classname="tests.test_iteration5.TestBookingProof" name="test_proof_rejects_non_image" time="0.129" /><testcase classname="tests.test_iteration5.TestBookingProof" name="test_proof_unknown_group_404" time="0.399" /><testcase classname="tests.test_iteration5.TestGuide" name="test_guide_public_pdf" time="0.623" /><testcase classname="tests.test_iteration5.TestBookingProof" name="test_payment_toggle_and_receipt" time="0.788" /><testcase classname="tests.test_iteration5.TestZZCleanup" name="test_reset_settings_to_defaults" time="0.104" /><testcase classname="tests.test_iteration5.TestBookingProof" name="test_availability_and_booked_ranges" time="0.168" /><testcase classname="tests.test_iteration5.TestBookingProof" name="test_past_date_rejected" time="0.112" /></testsuite></testsuites>