<?xml version="1.0" encoding="utf-8"?><testsuites name="pytest tests"><testsuite name="pytest" errors="0" failures="0" skipped="0" tests="21" time="4.275" timestamp="2026-08-28T06:20:53.136547+00:00" hostname="agent-env-a79efd10-9615-4780-bcbc-4447c2aa5280"><testcase classname="tests.test_iteration2.TestAvailability" name="test_available_free_range" time="0.607" /><testcase classname="tests.test_iteration2.TestPayment" name="test_new_booking_payment_defaults" time="0.758" /><testcase classname="tests.test_iteration2.TestAvailability" name="test_unavailable_after_booking" time="0.447" /><testcase classname="tests.test_iteration2.TestPayment" name="test_upload_proof_public_and_serve" time="0.626" /><testcase classname="tests.test_iteration2.TestAvailability" name="test_invalid_dates" time="0.042" /><testcase classname="tests.test_iteration2.TestAvailability" name="test_missing_params_422" time="0.054" /><testcase classname="tests.test_iteration2.TestAvailability" name="test_booking_overlap_409" time="0.052" /><testcase classname="tests.test_iteration2.TestAvailability" name="test_booking_non_overlap_ok" time="0.133" /><testcase classname="tests.test_iteration2.TestAvailability" name="test_booking_invalid_dates_400" time="0.278" /><testcase classname="tests.test_iteration2.TestPayment" name="test_upload_proof_bad_group_404" time="0.234" /><testcase classname="tests.test_iteration2.TestAvailability" name="test_cancelled_booking_frees_range" time="0.325" /><testcase classname="tests.test_iteration2.TestPayment" name="test_payment_toggle_requires_auth" time="0.087" /><testcase classname="tests.test_iteration2.TestPayment" name="test_payment_toggle" time="0.329" /><testcase classname="tests.test_iteration2.TestCatalogCMS" name="test_snapshot" time="0.083" /><testcase classname="tests.test_iteration2.TestCatalogCMS" name="test_add_and_remove_room_persists" time="0.136" /><testcase classname="tests.test_iteration2.TestPayment" name="test_payment_invalid_value_400" time="0.042" /><testcase classname="tests.test_iteration2.TestPayment" name="test_payment_not_found_404" time="0.042" /><testcase classname="tests.test_iteration2.TestPayment" name="test_proof_applies_to_whole_group" time="1.019" /><testcase classname="tests.test_iteration2.TestCatalogCMS" name="test_add_and_remove_addon_persists" time="0.634" /><testcase classname="tests.test_iteration2.TestCatalogCMS" name="test_whatsapp_admin_persists" time="0.223" /><testcase classname="tests.test_iteration2.TestCatalogCMS" name="test_restore_defaults" time="0.460" /></testsuite></testsuites>