<?xml version="1.0" encoding="utf-8"?><testsuites name="pytest tests"><testsuite name="pytest" errors="0" failures="0" skipped="0" tests="10" time="3.309" timestamp="2026-08-28T06:40:36.056471+00:00" hostname="agent-env-a79efd10-9615-4780-bcbc-4447c2aa5280"><testcase classname="tests.test_iteration3.TestBookedRanges" name="test_booked_shape_and_public" time="0.943" /><testcase classname="tests.test_iteration3.TestReceipt" name="test_receipt_requires_auth" time="1.315" /><testcase classname="tests.test_iteration3.TestBookedRanges" name="test_unknown_room_returns_empty" time="0.052" /><testcase classname="tests.test_iteration3.TestBookedRanges" name="test_booked_includes_new_range_and_availability_false" time="0.692" /><testcase classname="tests.test_iteration3.TestReceipt" name="test_receipt_400_when_unpaid" time="0.146" /><testcase classname="tests.test_iteration3.TestReceipt" name="test_receipt_404_unknown_id" time="0.093" /><testcase classname="tests.test_iteration3.TestReceipt" name="test_payment_paid_then_receipt_pdf" time="0.631" /><testcase classname="tests.test_iteration3.TestBookedRanges" name="test_cancelled_booking_excluded_from_booked" time="0.234" /><testcase classname="tests.test_iteration3" name="test_logo_asset_served" time="0.228" /><testcase classname="tests.test_iteration3.TestReceipt" name="test_payment_invalid_status" time="0.406" /></testsuite></testsuites>