<?xml version="1.0" encoding="utf-8"?><testsuites name="pytest tests"><testsuite name="pytest" errors="0" failures="0" skipped="1" tests="34" time="6.213" timestamp="2026-08-28T05:57:03.503665+00:00" hostname="agent-env-a79efd10-9615-4780-bcbc-4447c2aa5280"><testcase classname="tests.backend_test.TestAdmins" name="test_list_requires_auth" time="0.415" /><testcase classname="tests.backend_test.TestBookings" name="test_create_booking_public" time="0.713" /><testcase classname="tests.backend_test.TestAdmins" name="test_list_admins" time="0.413" /><testcase classname="tests.backend_test.TestBookings" name="test_list_requires_auth" time="0.048" /><testcase classname="tests.backend_test.TestBookings" name="test_create_invalid_payload" time="0.049" /><testcase classname="tests.backend_test.TestBookings" name="test_status_transitions" time="1.065" /><testcase classname="tests.backend_test.TestAdmins" name="test_create_admin" time="0.323" /><testcase classname="tests.backend_test.TestAdmins" name="test_new_admin_can_login" time="0.269" /><testcase classname="tests.backend_test.TestAdmins" name="test_duplicate_username" time="0.046" /><testcase classname="tests.backend_test.TestAdmins" name="test_update_admin" time="0.135" /><testcase classname="tests.backend_test.TestAdmins" name="test_inactive_admin_login_forbidden" time="0.270" /><testcase classname="tests.backend_test.TestAdmins" name="test_update_not_found" time="0.048" /><testcase classname="tests.backend_test.TestBookings" name="test_status_invalid" time="0.089" /><testcase classname="tests.backend_test.TestAdmins" name="test_owner_cannot_be_deleted" time="0.140" /><testcase classname="tests.backend_test.TestBookings" name="test_status_not_found" time="0.051" /><testcase classname="tests.backend_test.TestBookings" name="test_patch_requires_auth" time="0.089" /><testcase classname="tests.backend_test.TestAdmins" name="test_delete_admin" time="0.226" /><testcase classname="tests.backend_test.TestBookings" name="test_delete_and_verify" time="0.771" /><testcase classname="tests.backend_test.TestAuth" name="test_login_success" time="0.271" /><testcase classname="tests.backend_test.TestAuth" name="test_login_invalid" time="0.269" /><testcase classname="tests.backend_test.TestAuth" name="test_login_unknown_user" time="0.047" /><testcase classname="tests.backend_test.TestBookings" name="test_cleanup" time="0.049" /><testcase classname="tests.backend_test.TestAuth" name="test_me" time="0.072" /><testcase classname="tests.backend_test.TestSettings" name="test_get_settings_defaults" time="0.051" /><testcase classname="tests.backend_test.TestAuth" name="test_me_no_token" time="0.086" /><testcase classname="tests.backend_test.TestSettings" name="test_update_settings_requires_auth" time="0.049" /><testcase classname="tests.backend_test.TestSettings" name="test_update_and_reset" time="0.195" /><testcase classname="tests.backend_test.TestAuth" name="test_me_bad_token" time="0.165" /><testcase classname="tests.backend_test.TestAuth" name="test_bcrypt_hash_format" time="0.082" /><testcase classname="tests.backend_test.TestSettings" name="test_reset_requires_auth" time="0.047" /><testcase classname="tests.backend_test.TestUpload" name="test_upload_requires_auth" time="0.296" /><testcase classname="tests.backend_test.TestAuth" name="test_brute_force_lockout" time="2.237"><skipped type="pytest.xfail" message="No brute-force lockout after 6 failed logins: [401, 401, 401, 401, 401, 401]" /></testcase><testcase classname="tests.backend_test.TestUpload" name="test_upload_and_serve" time="1.073" /><testcase classname="tests.backend_test.TestUpload" name="test_missing_file_404" time="0.658" /></testsuite></testsuites>